<html>
<head>
<title>TestNG:  Surefire test</title>
<link href="../testng.css" rel="stylesheet" type="text/css" />
<link href="../my-testng.css" rel="stylesheet" type="text/css" />

<style type="text/css">
.log { display: none;} 
.stack-trace { display: none;} 
</style>
<script type="text/javascript">
<!--
function flip(e) {
  current = e.style.display;
  if (current == 'block') {
    e.style.display = 'none';
    return 0;
  }
  else {
    e.style.display = 'block';
    return 1;
  }
}

function toggleBox(szDivId, elem, msg1, msg2)
{
  var res = -1;  if (document.getElementById) {
    res = flip(document.getElementById(szDivId));
  }
  else if (document.all) {
    // this is the way old msie versions work
    res = flip(document.all[szDivId]);
  }
  if(elem) {
    if(res == 0) elem.innerHTML = msg1; else elem.innerHTML = msg2;
  }

}

function toggleAllBoxes() {
  if (document.getElementsByTagName) {
    d = document.getElementsByTagName('div');
    for (i = 0; i < d.length; i++) {
      if (d[i].className == 'log') {
        flip(d[i]);
      }
    }
  }
}

// -->
</script>

</head>
<body>
<h2 align='center'>Surefire test</h2><table border='1' align="center">
<tr>
<td>Tests passed/Failed/Skipped:</td><td>11/1/1</td>
</tr><tr>
<td>Started on:</td><td>Mon Aug 12 22:00:07 IST 2024</td>
</tr>
<tr><td>Total time:</td><td>46 seconds (46711 ms)</td>
</tr><tr>
<td>Included groups:</td><td></td>
</tr><tr>
<td>Excluded groups:</td><td></td>
</tr>
</table><p/>
<small><i>(Hover the method name to see the test class name)</i></small><p/>
<table width='100%' border='1' class='invocation-failed'>
<tr><td colspan='4' align='center'><b>FAILED TESTS</b></td></tr>
<tr><td><b>Test method</b></td>
<td><b>Attribute(s)</b></td>
<td width="30%"><b>Exception</b></td>
<td width="10%"><b>Time (seconds)</b></td>
<td><b>Instance</b></td>
</tr>
<tr>
<td title='TestNG_Project.TestNG_Keywords.test_003()'><b>test_003</b><br>Test class: TestNG_Project.TestNG_Keywords</td>
<td><div><pre>java.lang.AssertionError: expected [true] but found [false]
	at TestNG_Project.TestNG_Keywords.test_003(TestNG_Keywords.java:24)
	at java.base/java.util.ArrayList.forEach(ArrayList.java:1511)
... Removed 36 stack frames</pre></div><a href='#' onClick='toggleBox("stack-trace757004314", this, "Click to show all stack frames", "Click to hide stack frames")'>Click to show all stack frames</a>
<div class='stack-trace' id='stack-trace757004314'><pre>java.lang.AssertionError: expected [true] but found [false]
	at org.testng.Assert.fail(Assert.java:111)
	at org.testng.Assert.failNotEquals(Assert.java:1578)
	at org.testng.Assert.assertTrue(Assert.java:57)
	at org.testng.Assert.assertTrue(Assert.java:67)
	at TestNG_Project.TestNG_Keywords.test_003(TestNG_Keywords.java:24)
	at java.base/jdk.internal.reflect.NativeMethodAccessorImpl.invoke0(Native Method)
	at java.base/jdk.internal.reflect.NativeMethodAccessorImpl.invoke(NativeMethodAccessorImpl.java:77)
	at java.base/jdk.internal.reflect.DelegatingMethodAccessorImpl.invoke(DelegatingMethodAccessorImpl.java:43)
	at java.base/java.lang.reflect.Method.invoke(Method.java:568)
	at org.testng.internal.invokers.MethodInvocationHelper.invokeMethod(MethodInvocationHelper.java:141)
	at org.testng.internal.invokers.TestInvoker.invokeMethod(TestInvoker.java:686)
	at org.testng.internal.invokers.TestInvoker.invokeTestMethod(TestInvoker.java:230)
	at org.testng.internal.invokers.MethodRunner.runInSequence(MethodRunner.java:63)
	at org.testng.internal.invokers.TestInvoker$MethodInvocationAgent.invoke(TestInvoker.java:992)
	at org.testng.internal.invokers.TestInvoker.invokeTestMethods(TestInvoker.java:203)
	at org.testng.internal.invokers.TestMethodWorker.invokeTestMethods(TestMethodWorker.java:154)
	at org.testng.internal.invokers.TestMethodWorker.run(TestMethodWorker.java:134)
	at java.base/java.util.ArrayList.forEach(ArrayList.java:1511)
	at org.testng.TestRunner.privateRun(TestRunner.java:739)
	at org.testng.TestRunner.run(TestRunner.java:614)
	at org.testng.SuiteRunner.runTest(SuiteRunner.java:421)
	at org.testng.SuiteRunner.runSequentially(SuiteRunner.java:413)
	at org.testng.SuiteRunner.privateRun(SuiteRunner.java:373)
	at org.testng.SuiteRunner.run(SuiteRunner.java:312)
	at org.testng.SuiteRunnerWorker.runSuite(SuiteRunnerWorker.java:52)
	at org.testng.SuiteRunnerWorker.run(SuiteRunnerWorker.java:95)
	at org.testng.TestNG.runSuitesSequentially(TestNG.java:1274)
	at org.testng.TestNG.runSuitesLocally(TestNG.java:1208)
	at org.testng.TestNG.runSuites(TestNG.java:1112)
	at org.testng.TestNG.run(TestNG.java:1079)
	at org.apache.maven.surefire.testng.TestNGExecutor.run(TestNGExecutor.java:155)
	at org.apache.maven.surefire.testng.TestNGDirectoryTestSuite.executeMulti(TestNGDirectoryTestSuite.java:169)
	at org.apache.maven.surefire.testng.TestNGDirectoryTestSuite.execute(TestNGDirectoryTestSuite.java:88)
	at org.apache.maven.surefire.testng.TestNGProvider.invoke(TestNGProvider.java:137)
	at org.apache.maven.surefire.booter.ForkedBooter.runSuitesInProcess(ForkedBooter.java:385)
	at org.apache.maven.surefire.booter.ForkedBooter.execute(ForkedBooter.java:162)
	at org.apache.maven.surefire.booter.ForkedBooter.run(ForkedBooter.java:507)
	at org.apache.maven.surefire.booter.ForkedBooter.main(ForkedBooter.java:495)
</pre></div></td>
<td>0</td>
<td>TestNG_Project.TestNG_Keywords@45b9a632</td></tr>
</table><p>
<table width='100%' border='1' class='invocation-passed'>
<tr><td colspan='4' align='center'><b>PASSED TESTS</b></td></tr>
<tr><td><b>Test method</b></td>
<td><b>Attribute(s)</b></td>
<td width="30%"><b>Exception</b></td>
<td width="10%"><b>Time (seconds)</b></td>
<td><b>Instance</b></td>
</tr>
<tr>
<td title='TestNG_Project.TestNG_Keywords.test_002()'><b>test_002</b><br>Test class: TestNG_Project.TestNG_Keywords</td>
<td></td>
<td>0</td>
<td>TestNG_Project.TestNG_Keywords@45b9a632</td></tr>
<tr>
<td title='Test_Pom.Test_1.test_001()'><b>test_001</b><br>Test class: Test_Pom.Test_1</td>
<td></td>
<td>0</td>
<td>Test_Pom.Test_1@63a65a25</td></tr>
<tr>
<td title='TestNG_Project.TestNG_Keywords.test_001()'><b>test_001</b><br>Test class: TestNG_Project.TestNG_Keywords</td>
<td></td>
<td>0</td>
<td>TestNG_Project.TestNG_Keywords@45b9a632</td></tr>
<tr>
<td title='TestNG_Project.TestNG_Keywords.test_001()'><b>test_001</b><br>Test class: TestNG_Project.TestNG_Keywords</td>
<td></td>
<td>0</td>
<td>TestNG_Project.TestNG_Keywords@45b9a632</td></tr>
<tr>
<td title='TestNG_Project.TestNG_groups.Tast_003()'><b>Tast_003</b><br>Test class: TestNG_Project.TestNG_groups</td>
<td></td>
<td>0</td>
<td>TestNG_Project.TestNG_groups@2ddc8ecb</td></tr>
<tr>
<td title='TestNG_Project.TestNG_groups.Tast_004()'><b>Tast_004</b><br>Test class: TestNG_Project.TestNG_groups</td>
<td></td>
<td>0</td>
<td>TestNG_Project.TestNG_groups@2ddc8ecb</td></tr>
<tr>
<td title='TestNG_Project.TestNG_groups.Test_001()'><b>Test_001</b><br>Test class: TestNG_Project.TestNG_groups</td>
<td></td>
<td>0</td>
<td>TestNG_Project.TestNG_groups@2ddc8ecb</td></tr>
<tr>
<td title='Waits.TestCase.test_001()'><b>test_001</b><br>Test class: Waits.TestCase</td>
<td></td>
<td>20</td>
<td>Waits.TestCase@78e117e3</td></tr>
<tr>
<td title='TestNG_Project.TestNG_groups.Tast_005()'><b>Tast_005</b><br>Test class: TestNG_Project.TestNG_groups</td>
<td></td>
<td>0</td>
<td>TestNG_Project.TestNG_groups@2ddc8ecb</td></tr>
<tr>
<td title='TestNG_Project.TestNG_groups.Tast_002()'><b>Tast_002</b><br>Test class: TestNG_Project.TestNG_groups</td>
<td></td>
<td>0</td>
<td>TestNG_Project.TestNG_groups@2ddc8ecb</td></tr>
<tr>
<td title='Test_Pom.Test_2.test_002()'><b>test_002</b><br>Test class: Test_Pom.Test_2</td>
<td></td>
<td>0</td>
<td>Test_Pom.Test_2@1534f01b</td></tr>
</table><p>
<table width='100%' border='1' class='invocation-skipped'>
<tr><td colspan='4' align='center'><b>SKIPPED TESTS</b></td></tr>
<tr><td><b>Test method</b></td>
<td><b>Attribute(s)</b></td>
<td width="30%"><b>Exception</b></td>
<td width="10%"><b>Time (seconds)</b></td>
<td><b>Instance</b></td>
</tr>
<tr>
<td title='TestNG_Project.TestNG_Keywords.test_005()'><b>test_005</b><br>Test class: TestNG_Project.TestNG_Keywords</td>
<td><div><pre>java.lang.Throwable: Method TestNG_Project.TestNG_Keywords.test_005() on instance TestNG_Project.TestNG_Keywords@45b9a632 depends on not successfully finished methods 
[TestNG_Project.TestNG_Keywords.test_003() on instance TestNG_Project.TestNG_Keywords@45b9a632]
	at java.base/java.util.ArrayList.forEach(ArrayList.java:1511)
... Removed 23 stack frames</pre></div><a href='#' onClick='toggleBox("stack-trace1971764991", this, "Click to show all stack frames", "Click to hide stack frames")'>Click to show all stack frames</a>
<div class='stack-trace' id='stack-trace1971764991'><pre>java.lang.Throwable: Method TestNG_Project.TestNG_Keywords.test_005() on instance TestNG_Project.TestNG_Keywords@45b9a632 depends on not successfully finished methods 
[TestNG_Project.TestNG_Keywords.test_003() on instance TestNG_Project.TestNG_Keywords@45b9a632]
	at org.testng.internal.invokers.TestInvoker.invokeTestMethods(TestInvoker.java:159)
	at org.testng.internal.invokers.TestMethodWorker.invokeTestMethods(TestMethodWorker.java:154)
	at org.testng.internal.invokers.TestMethodWorker.run(TestMethodWorker.java:134)
	at java.base/java.util.ArrayList.forEach(ArrayList.java:1511)
	at org.testng.TestRunner.privateRun(TestRunner.java:739)
	at org.testng.TestRunner.run(TestRunner.java:614)
	at org.testng.SuiteRunner.runTest(SuiteRunner.java:421)
	at org.testng.SuiteRunner.runSequentially(SuiteRunner.java:413)
	at org.testng.SuiteRunner.privateRun(SuiteRunner.java:373)
	at org.testng.SuiteRunner.run(SuiteRunner.java:312)
	at org.testng.SuiteRunnerWorker.runSuite(SuiteRunnerWorker.java:52)
	at org.testng.SuiteRunnerWorker.run(SuiteRunnerWorker.java:95)
	at org.testng.TestNG.runSuitesSequentially(TestNG.java:1274)
	at org.testng.TestNG.runSuitesLocally(TestNG.java:1208)
	at org.testng.TestNG.runSuites(TestNG.java:1112)
	at org.testng.TestNG.run(TestNG.java:1079)
	at org.apache.maven.surefire.testng.TestNGExecutor.run(TestNGExecutor.java:155)
	at org.apache.maven.surefire.testng.TestNGDirectoryTestSuite.executeMulti(TestNGDirectoryTestSuite.java:169)
	at org.apache.maven.surefire.testng.TestNGDirectoryTestSuite.execute(TestNGDirectoryTestSuite.java:88)
	at org.apache.maven.surefire.testng.TestNGProvider.invoke(TestNGProvider.java:137)
	at org.apache.maven.surefire.booter.ForkedBooter.runSuitesInProcess(ForkedBooter.java:385)
	at org.apache.maven.surefire.booter.ForkedBooter.execute(ForkedBooter.java:162)
	at org.apache.maven.surefire.booter.ForkedBooter.run(ForkedBooter.java:507)
	at org.apache.maven.surefire.booter.ForkedBooter.main(ForkedBooter.java:495)
</pre></div></td>
<td>0</td>
<td>TestNG_Project.TestNG_Keywords@45b9a632</td></tr>
</table><p>
</body>
</html>