<?xml version="1.0" encoding="UTF-8"?>
<!-- Generated by org.testng.reporters.JUnitXMLReporter -->
<testsuite ignored="1" hostname="DESKTOP-L5472CS" failures="1" tests="13" name="Surefire test" time="46.711" errors="0" timestamp="2024-08-12T22:00:54 IST">
  <testcase classname="TestNG_Project.TestNG_groups" name="Tast_002" time="0.005"/>
  <testcase classname="TestNG_Project.TestNG_groups" name="Tast_003" time="0.001"/>
  <testcase classname="TestNG_Project.TestNG_groups" name="Tast_004" time="0.001"/>
  <testcase classname="TestNG_Project.TestNG_groups" name="Tast_005" time="0.0"/>
  <testcase classname="TestNG_Project.TestNG_groups" name="Test_001" time="0.0"/>
  <testcase classname="TestNG_Project.TestNG_Keywords" name="test_001" time="0.0"/>
  <testcase classname="TestNG_Project.TestNG_Keywords" name="test_001" time="0.0"/>
  <testcase classname="TestNG_Project.TestNG_Keywords" name="test_002" time="0.001"/>
  <testcase classname="TestNG_Project.TestNG_Keywords" name="test_003" time="0.013">
    <failure type="java.lang.AssertionError" message="expected [true] but found [false]">
      <![CDATA[java.lang.AssertionError: expected [true] but found [false]
at TestNG_Project.TestNG_Keywords.test_003(TestNG_Keywords.java:24)
at java.base/java.util.ArrayList.forEach(ArrayList.java:1511)
... Removed 36 stack frames]]>
    </failure>
  </testcase> <!-- test_003 -->
  <testcase classname="TestNG_Project.TestNG_Keywords" name="test_005" time="0.0">
    <skipped/>
  </testcase> <!-- test_005 -->
  <testcase classname="Test_Pom.Test_1" name="test_001" time="0.271"/>
  <testcase classname="Test_Pom.Test_2" name="test_002" time="0.098"/>
  <testcase classname="Waits.TestCase" name="test_001" time="20.167"/>
  <testcase classname="TestNG_Project.TestNG_Keywords" name="test_004" time="0.0">
    <ignored/>
  </testcase> <!-- test_004 -->
</testsuite> <!-- Surefire test -->
